<?xml version="1.0" encoding="utf-8"?><testsuites name="pytest tests"><testsuite name="pytest" errors="0" failures="0" skipped="0" tests="7" time="7.256" timestamp="2026-04-13T09:05:49.093898+00:00" hostname="agent-env-0fbceb46-0fef-4003-9af2-6d2917bbab5e"><testcase classname="backend.tests.test_iteration10.TestBackendRegression" name="test_contact_form_submission" time="4.274" /><testcase classname="backend.tests.test_iteration10.TestBackendRegression" name="test_newsletter_subscribe" time="1.836" /><testcase classname="backend.tests.test_iteration10.TestBackendRegression" name="test_admin_login_success" time="0.160" /><testcase classname="backend.tests.test_iteration10.TestBackendRegression" name="test_admin_login_failure" time="0.176" /><testcase classname="backend.tests.test_iteration10.TestBackendRegression" name="test_blog_reactions_get" time="0.165" /><testcase classname="backend.tests.test_iteration10.TestBackendRegression" name="test_blog_reactions_for_agile_post" time="0.164" /><testcase classname="backend.tests.test_iteration10.TestBackendRegression" name="test_api_root" time="0.125" /></testsuite></testsuites>