<?xml version="1.0" encoding="utf-8"?><testsuites name="pytest tests"><testsuite name="pytest" errors="0" failures="0" skipped="0" tests="16" time="7.967" timestamp="2026-04-13T08:55:18.468418+00:00" hostname="agent-env-0fbceb46-0fef-4003-9af2-6d2917bbab5e"><testcase classname="backend.tests.test_iteration9.TestBlogReactionsAPI" name="test_get_reactions_new_slug" time="0.284" /><testcase classname="backend.tests.test_iteration9.TestBlogReactionsAPI" name="test_get_reactions_existing_slug" time="0.250" /><testcase classname="backend.tests.test_iteration9.TestBlogReactionsAPI" name="test_post_reaction_like" time="0.313" /><testcase classname="backend.tests.test_iteration9.TestBlogReactionsAPI" name="test_post_reaction_switch" time="0.499" /><testcase classname="backend.tests.test_iteration9.TestBlogReactionsAPI" name="test_post_reaction_invalid" time="0.173" /><testcase classname="backend.tests.test_iteration9.TestPreviousEndpoints" name="test_root_endpoint" time="0.138" /><testcase classname="backend.tests.test_iteration9.TestPreviousEndpoints" name="test_newsletter_count" time="0.135" /><testcase classname="backend.tests.test_iteration9.TestPreviousEndpoints" name="test_newsletter_subscribe" time="2.449" /><testcase classname="backend.tests.test_iteration9.TestPreviousEndpoints" name="test_newsletter_subscribe_invalid" time="0.135" /><testcase classname="backend.tests.test_iteration9.TestPreviousEndpoints" name="test_track_page_view" time="0.122" /><testcase classname="backend.tests.test_iteration9.TestPreviousEndpoints" name="test_admin_login_success" time="0.122" /><testcase classname="backend.tests.test_iteration9.TestPreviousEndpoints" name="test_admin_login_failure" time="0.123" /><testcase classname="backend.tests.test_iteration9.TestPreviousEndpoints" name="test_admin_stats_with_token" time="0.308" /><testcase classname="backend.tests.test_iteration9.TestPreviousEndpoints" name="test_admin_stats_without_token" time="0.148" /><testcase classname="backend.tests.test_iteration9.TestPreviousEndpoints" name="test_contact_form" time="2.291" /><testcase classname="backend.tests.test_iteration9.TestPreviousEndpoints" name="test_contact_form_invalid_email" time="0.137" /></testsuite></testsuites>