<?xml version="1.0" encoding="utf-8"?><testsuites name="pytest tests"><testsuite name="pytest" errors="0" failures="0" skipped="0" tests="16" time="9.235" timestamp="2026-04-13T08:24:57.835141+00:00" hostname="agent-env-0fbceb46-0fef-4003-9af2-6d2917bbab5e"><testcase classname="backend.tests.test_iteration8.TestRootEndpoint" name="test_api_root" time="0.262" /><testcase classname="backend.tests.test_iteration8.TestNewsletterCount" name="test_newsletter_count_returns_count" time="0.152" /><testcase classname="backend.tests.test_iteration8.TestNewsletterSubscribe" name="test_subscribe_valid_email" time="3.160" /><testcase classname="backend.tests.test_iteration8.TestNewsletterSubscribe" name="test_subscribe_invalid_email" time="0.136" /><testcase classname="backend.tests.test_iteration8.TestTrackEndpoint" name="test_track_page_view" time="0.163" /><testcase classname="backend.tests.test_iteration8.TestTrackEndpoint" name="test_track_form_submit" time="0.131" /><testcase classname="backend.tests.test_iteration8.TestTrackEndpoint" name="test_track_whatsapp_click" time="0.160" /><testcase classname="backend.tests.test_iteration8.TestAdminLogin" name="test_admin_login_success" time="0.132" /><testcase classname="backend.tests.test_iteration8.TestAdminLogin" name="test_admin_login_wrong_password" time="0.137" /><testcase classname="backend.tests.test_iteration8.TestAdminStats" name="test_admin_stats_with_valid_token" time="0.219" /><testcase classname="backend.tests.test_iteration8.TestAdminStats" name="test_admin_stats_without_token" time="0.140" /><testcase classname="backend.tests.test_iteration8.TestAdminStats" name="test_admin_stats_with_invalid_token" time="0.119" /><testcase classname="backend.tests.test_iteration8.TestContactForm" name="test_contact_form_submission" time="3.334" /><testcase classname="backend.tests.test_iteration8.TestContactForm" name="test_contact_form_invalid_email" time="0.177" /><testcase classname="backend.tests.test_iteration8.TestAdminNewsletter" name="test_get_subscribers_with_valid_token" time="0.123" /><testcase classname="backend.tests.test_iteration8.TestAdminNewsletter" name="test_get_subscribers_without_token" time="0.136" /></testsuite></testsuites>