<?xml version="1.0" encoding="utf-8"?><testsuites name="pytest tests"><testsuite name="pytest" errors="0" failures="0" skipped="0" tests="10" time="64.129" timestamp="2026-04-11T11:31:07.801626+00:00" hostname="agent-env-0fbceb46-0fef-4003-9af2-6d2917bbab5e"><testcase classname="backend.tests.test_newsletter.TestNewsletterSubscription" name="test_subscribe_valid_email" time="3.613" /><testcase classname="backend.tests.test_newsletter.TestNewsletterSubscription" name="test_subscribe_duplicate_email" time="3.327" /><testcase classname="backend.tests.test_newsletter.TestNewsletterSubscription" name="test_subscribe_invalid_email_format" time="36.543" /><testcase classname="backend.tests.test_newsletter.TestNewsletterSubscription" name="test_subscribe_with_different_locales" time="17.380" /><testcase classname="backend.tests.test_newsletter.TestNewsletterSubscription" name="test_subscribe_email_case_insensitive" time="1.795" /><testcase classname="backend.tests.test_newsletter.TestAdminNewsletter" name="test_get_subscribers_with_valid_token" time="0.131" /><testcase classname="backend.tests.test_newsletter.TestAdminNewsletter" name="test_get_subscribers_without_token" time="0.122" /><testcase classname="backend.tests.test_newsletter.TestAdminNewsletter" name="test_get_subscribers_with_invalid_token" time="0.133" /><testcase classname="backend.tests.test_newsletter.TestAdminLogin" name="test_admin_login_success" time="0.122" /><testcase classname="backend.tests.test_newsletter.TestAdminLogin" name="test_admin_login_wrong_password" time="0.124" /></testsuite></testsuites>