<?xml version="1.0" encoding="utf-8"?><testsuites name="pytest tests"><testsuite name="pytest" errors="0" failures="0" skipped="0" tests="17" time="6.205" timestamp="2026-04-10T22:15:04.427352+00:00" hostname="agent-env-0fbceb46-0fef-4003-9af2-6d2917bbab5e"><testcase classname="backend.tests.test_iteration6.TestHealthAndBasicEndpoints" name="test_api_root" time="0.260" /><testcase classname="backend.tests.test_iteration6.TestTrackingEndpoint" name="test_track_page_view" time="0.134" /><testcase classname="backend.tests.test_iteration6.TestTrackingEndpoint" name="test_track_cta_click" time="0.156" /><testcase classname="backend.tests.test_iteration6.TestTrackingEndpoint" name="test_track_form_submit" time="0.122" /><testcase classname="backend.tests.test_iteration6.TestTrackingEndpoint" name="test_track_whatsapp_click" time="0.140" /><testcase classname="backend.tests.test_iteration6.TestTrackingEndpoint" name="test_track_missing_event" time="0.149" /><testcase classname="backend.tests.test_iteration6.TestAdminLogin" name="test_admin_login_success" time="0.126" /><testcase classname="backend.tests.test_iteration6.TestAdminLogin" name="test_admin_login_wrong_password" time="0.200" /><testcase classname="backend.tests.test_iteration6.TestAdminLogin" name="test_admin_login_empty_password" time="0.122" /><testcase classname="backend.tests.test_iteration6.TestAdminStats" name="test_admin_stats_with_valid_token" time="0.193" /><testcase classname="backend.tests.test_iteration6.TestAdminStats" name="test_admin_stats_without_token" time="0.169" /><testcase classname="backend.tests.test_iteration6.TestAdminStats" name="test_admin_stats_with_invalid_token" time="0.251" /><testcase classname="backend.tests.test_iteration6.TestAdminSendReport" name="test_send_report_with_valid_token" time="1.697" /><testcase classname="backend.tests.test_iteration6.TestAdminSendReport" name="test_send_report_without_token" time="0.134" /><testcase classname="backend.tests.test_iteration6.TestAdminSendReport" name="test_send_report_with_invalid_token" time="0.133" /><testcase classname="backend.tests.test_iteration6.TestContactEndpoint" name="test_contact_form_submission" time="1.521" /><testcase classname="backend.tests.test_iteration6.TestContactEndpoint" name="test_contact_form_invalid_email" time="0.169" /></testsuite></testsuites>